T9998 2181:861.906   SEGGER J-Link V7.52a Log File
T9998 2181:862.678   DLL Compiled: Jul 28 2021 11:08:12
T9998 2181:862.695   Logging started @ 2025-03-02 00:08
T9998 2181:862.709 - 2181862.717ms
T9998 2181:866.291 JLINK_ExecCommand("Device = AT91SAM4S8B", ...). 
T9998 2181:869.122   Device "ATSAM4S8B" selected.
T9998 2181:869.508 - 3.197ms returns 0x00
T9998 2182:485.970 JLINK_TIF_Select(JLINKARM_TIF_SWD)
T9998 2182:487.218 - 1.277ms returns 0x00
T9998 2182:487.559 JLINK_SetSpeed(4000)
T9998 2182:487.701 - 0.155ms
T9998 2182:487.725 JLINK_ResetPullsRESET(OFF)
T9998 2182:487.738 - 0.019ms
T9998 2182:487.751 JLINK_Connect()
T9998 2182:489.422   Looking for J-Link GUI Server exe at: C:\Program Files (x86)\Atmel\Studio\7.0\atbackend\JLinkGUIServer.exe
T9998 2182:489.821   Looking for J-Link GUI Server exe at: C:\Program Files\SEGGER\JLink_V812a\JLinkGUIServer.exe
T9998 2182:490.211   Forking J-Link GUI Server: C:\Program Files\SEGGER\JLink_V812a\JLinkGUIServer.exe
T9998 2182:890.945   Failed to connect to J-Link GUI Server.
T9998 2206:572.203   Found SW-DP with ID 0x2BA01477
T9998 2206:576.178   DPIDR: 0x2BA01477
T9998 2206:576.208   Scanning AP map to find all available APs
T9998 2206:576.855   AP[1]: Stopped AP scan as end of AP map has been reached
T9998 2206:576.887   AP[0]: AHB-AP (IDR: 0x24770011)
T9998 2206:576.911   Iterating through AP map to find AHB-AP to use
T9998 2206:577.971   AP[0]: Core found
T9998 2206:578.014   AP[0]: AHB-AP ROM base: 0xE00FF000
T9998 2206:578.956   CPUID register: 0x410FC241. Implementer code: 0x41 (ARM)
T9998 2206:578.987   Found Cortex-M4 r0p1, Little endian.
T9998 2206:680.917   -- Max. mem block: 0x00002B50
T9998 2206:681.187   CPU_ReadMem(4 bytes @ 0xE000EDF0)
T9998 2206:681.634   CPU_WriteMem(4 bytes @ 0xE000EDF0)
T9998 2206:682.070   CPU_ReadMem(4 bytes @ 0xE0002000)
T9998 2206:682.529   FPUnit: 6 code (BP) slots and 2 literal slots
T9998 2206:682.544   CPU_ReadMem(4 bytes @ 0xE000EDFC)
T9998 2206:682.961   CPU_WriteMem(4 bytes @ 0xE000EDFC)
T9998 2206:683.420   CPU_ReadMem(4 bytes @ 0xE0001000)
T9998 2206:683.805   CPU_WriteMem(4 bytes @ 0xE0001000)
T9998 2206:684.272   CPU_ReadMem(4 bytes @ 0xE000ED88)
T9998 2206:684.726   CPU_WriteMem(4 bytes @ 0xE000ED88)
T9998 2206:685.146   CPU_ReadMem(4 bytes @ 0xE000ED88)
T9998 2206:685.509   CPU_WriteMem(4 bytes @ 0xE000ED88)
T9998 2206:685.953   CoreSight components:
T9998 2206:685.987   ROMTbl[0] @ E00FF000
T9998 2206:686.001   CPU_ReadMem(64 bytes @ 0xE00FF000)
T9998 2206:686.829   CPU_ReadMem(32 bytes @ 0xE000EFE0)
T9998 2206:687.511   ROMTbl[0][0]: E000E000, CID: B105E00D, PID: 000BB000 SCS
T9998 2206:687.528   CPU_ReadMem(32 bytes @ 0xE0001FE0)
T9998 2206:688.208   ROMTbl[0][1]: E0001000, CID: B105E00D, PID: 003BB002 DWT
T9998 2206:688.235   CPU_ReadMem(32 bytes @ 0xE0002FE0)
T9998 2206:688.852   ROMTbl[0][2]: E0002000, CID: B105E00D, PID: 002BB003 FPB
T9998 2206:688.882   CPU_ReadMem(32 bytes @ 0xE0000FE0)
T9998 2206:689.539   ROMTbl[0][3]: E0000000, CID: B105E00D, PID: 003BB001 ITM
T9998 2206:689.565   CPU_ReadMem(32 bytes @ 0xE0040FE0)
T9998 2206:690.213   ROMTbl[0][4]: E0040000, CID: B105900D, PID: 000BB9A1 TPIU
T9998 2206:690.280 - 24202.534ms returns 0x00
T9998 2206:691.809 JLINK_Halt()
T9998 2206:696.132 - 4.348ms returns 0x00
T9998 2206:700.141 JLINK_BeginDownload(Flags = 0x00000000)
T9998 2206:700.163 - 0.027ms
T9998 2206:700.199 JLINK_WriteMem(0x400E0A04, 0x4 Bytes, ...)
T9998 2206:700.213   Data:  0B 01 00 5A
T9998 2206:700.916   CPU_WriteMem(4 bytes @ 0x400E0A04)
T9998 2206:701.420 - 1.239ms returns 0x4
T9998 2206:702.009 JLINK_EndDownload()
T9998 2206:702.041 - 0.037ms returns 0 (0x0)
T9998 2206:702.055 JLINK_ReadMemHW(0x400E0A08, 0x0004 Bytes, ...)
T9998 2206:702.082   CPU_ReadMem(4 bytes @ 0x400E0A08)
T9998 2206:702.501   Data:  01 00 00 00
T9998 2206:702.533 - 0.483ms returns 0
T9998 2206:702.611 JLINK_SetResetType(JLINKARM_CM3_RESET_TYPE_NORMAL)
T9998 2206:702.629 - 0.022ms returns JLINKARM_CM3_RESET_TYPE_NORMAL
T9998 2206:702.642 JLINK_Reset()
T9998 2206:703.565   CPU_ReadMem(16 bytes @ 0x20000000)
T9998 2206:704.205   CPU_WriteMem(16 bytes @ 0x20000000)
T9998 2206:704.714   CPU_ReadMem(4 bytes @ 0xE000EDFC)
T9998 2206:705.165   CPU_WriteMem(4 bytes @ 0xE000EDFC)
T9998 2206:705.593   CPU_ReadMem(4 bytes @ 0xE0001000)
T9998 2206:720.798   CPU_WriteMem(4 bytes @ 0xE000EDFC)
T9998 2206:721.223   CPU_WriteMem(16 bytes @ 0x20000000)
T9998 2206:724.868   CPU_WriteMem(4 bytes @ 0xE0002000)
T9998 2206:725.333   CPU_ReadMem(4 bytes @ 0xE000EDFC)
T9998 2206:725.737   CPU_ReadMem(4 bytes @ 0xE0001000)
T9998 2206:726.202 - 23.565ms
T9998 2206:735.244 JLINK_JTAG_GetDeviceID(DeviceIndex = 0)
T9998 2206:735.264 - 0.023ms returns 0
T9998 2206:735.275 JLINK_ReadMemU32(0x400E0740, 0x1 Items)
T9998 2206:735.301   CPU_ReadMem(4 bytes @ 0x400E0740)
T9998 2206:735.724   Data:  E0 0A 9C 28
T9998 2206:735.744 - 0.472ms returns 1 (0x1)
T9998 2206:735.780 JLINK_ReadMemU32(0x400E0744, 0x1 Items)
T9998 2206:735.797   CPU_ReadMem(4 bytes @ 0x400E0744)
T9998 2206:736.189   Data:  00 00 00 00
T9998 2206:736.205 - 0.427ms returns 1 (0x1)
T9998 2206:736.598 JLINK_BeginDownload(Flags = 0x00000000)
T9998 2206:736.647 - 0.058ms
T9998 2206:736.686 JLINK_WriteMem(0x400E0A04, 0x4 Bytes, ...)
T9998 2206:736.694   Data:  05 00 00 5A
T9998 2206:736.716   CPU_WriteMem(4 bytes @ 0x400E0A04)
T9998 2206:737.217 - 0.538ms returns 0x4
T9998 2206:737.256 JLINK_EndDownload()
T9998 2206:737.264 - 0.010ms returns 0 (0x0)
T9998 2206:737.269 JLINK_ReadMemHW(0x400E0A08, 0x0004 Bytes, ...)
T9998 2206:737.277   CPU_ReadMem(4 bytes @ 0x400E0A08)
T9998 2206:737.711   Data:  00 00 00 00
T9998 2206:737.732 - 0.466ms returns 0
T9998 2206:743.063 JLINK_ReadMemHW(0x400E0A08, 0x0004 Bytes, ...)
T9998 2206:743.102   CPU_ReadMem(4 bytes @ 0x400E0A08)
T9998 2206:743.479   Data:  00 00 00 00
T9998 2206:743.494 - 0.433ms returns 0
T84F8 2206:744.058 JLINK_IsHalted()
T84F8 2206:744.103 - 0.052ms returns TRUE
T84F8 2206:744.130 JLINK_GetMOEs(...)
T84F8 2206:744.154   CPU_ReadMem(4 bytes @ 0xE000ED30)
T84F8 2206:744.558 - 0.432ms returns 0x01
T84F8 2206:745.062 JLINK_ReadReg(R15 (PC))
T84F8 2206:745.082 - 0.021ms returns 0x00401470
T9998 2206:752.414 JLINK_ReadMemHW(0x400E0A08, 0x0004 Bytes, ...)
T9998 2206:752.460   CPU_ReadMem(4 bytes @ 0x400E0A08)
T9998 2206:752.814   Data:  00 00 00 00
T9998 2206:752.837 - 0.431ms returns 0
T9998 2206:773.107 JLINK_ReadMemHW(0x400E0A08, 0x0004 Bytes, ...)
T9998 2206:773.174   CPU_ReadMem(4 bytes @ 0x400E0A08)
T9998 2206:773.643   Data:  00 00 00 00
T9998 2206:773.682 - 0.580ms returns 0
T9998 2206:837.443 JLINK_ReadMemHW(0x400E0A08, 0x0004 Bytes, ...)
T9998 2206:837.718   CPU_ReadMem(4 bytes @ 0x400E0A08)
T9998 2206:838.159   Data:  00 00 00 00
T9998 2206:838.185 - 0.746ms returns 0
T84F8 2206:946.251 JLINK_IsHalted()
T84F8 2206:946.309 - 0.066ms returns TRUE
T9998 2207:094.067 JLINK_ReadMemHW(0x400E0A08, 0x0004 Bytes, ...)
T9998 2207:094.129   CPU_ReadMem(4 bytes @ 0x400E0A08)
T9998 2207:094.643   Data:  00 00 00 00
T9998 2207:094.662 - 0.600ms returns 0
T84F8 2207:149.962 JLINK_IsHalted()
T84F8 2207:150.009 - 0.054ms returns TRUE
T84F8 2207:352.290 JLINK_IsHalted()
T84F8 2207:352.651 - 0.370ms returns TRUE
T84F8 2207:552.831 JLINK_IsHalted()
T84F8 2207:552.859 - 0.032ms returns TRUE
T84F8 2207:754.415 JLINK_IsHalted()
T84F8 2207:754.451 - 0.039ms returns TRUE
T84F8 2207:954.695 JLINK_IsHalted()
T84F8 2207:955.285 - 0.620ms returns TRUE
T9998 2208:099.765 JLINK_ReadMemHW(0x400E0A08, 0x0004 Bytes, ...)
T9998 2208:099.834   CPU_ReadMem(4 bytes @ 0x400E0A08)
T9998 2208:100.448   Data:  00 00 00 00
T9998 2208:100.469 - 0.708ms returns 0
T9998 2208:103.746 JLINK_ReadMemHW(0x400E0A08, 0x0004 Bytes, ...)
T9998 2208:103.780   CPU_ReadMem(4 bytes @ 0x400E0A08)
T9998 2208:104.155   Data:  00 00 00 00
T9998 2208:104.179 - 0.437ms returns 0
T9998 2208:113.552 JLINK_ReadMemHW(0x400E0A08, 0x0004 Bytes, ...)
T9998 2208:113.608   CPU_ReadMem(4 bytes @ 0x400E0A08)
T9998 2208:114.045   Data:  00 00 00 00
T9998 2208:114.065 - 0.518ms returns 0
T9998 2208:118.936 JLINK_ReadMemHW(0x400E0A08, 0x0004 Bytes, ...)
T9998 2208:118.998   CPU_ReadMem(4 bytes @ 0x400E0A08)
T9998 2208:119.518   Data:  00 00 00 00
T9998 2208:119.589 - 0.657ms returns 0
T9998 2208:135.679 JLINK_ReadMemHW(0x400E0A08, 0x0004 Bytes, ...)
T9998 2208:135.713   CPU_ReadMem(4 bytes @ 0x400E0A08)
T9998 2208:136.088   Data:  00 00 00 00
T9998 2208:136.124 - 0.449ms returns 0
T84F8 2208:156.450 JLINK_IsHalted()
T84F8 2208:156.472 - 0.025ms returns TRUE
T9998 2208:199.899 JLINK_ReadMemHW(0x400E0A08, 0x0004 Bytes, ...)
T9998 2208:199.938   CPU_ReadMem(4 bytes @ 0x400E0A08)
T9998 2208:200.328   Data:  00 00 00 00
T9998 2208:200.341 - 0.443ms returns 0
T84F8 2208:356.845 JLINK_IsHalted()
T84F8 2208:356.885 - 0.044ms returns TRUE
T9998 2208:456.712 JLINK_ReadMemHW(0x400E0A08, 0x0004 Bytes, ...)
T9998 2208:456.751   CPU_ReadMem(4 bytes @ 0x400E0A08)
T9998 2208:457.194   Data:  00 00 00 00
T9998 2208:457.225 - 0.515ms returns 0
T84F8 2208:557.331 JLINK_IsHalted()
T84F8 2208:558.540 - 1.245ms returns TRUE
T84F8 2208:758.561 JLINK_IsHalted()
T84F8 2208:758.640 - 0.085ms returns TRUE
T84F8 2208:959.237 JLINK_IsHalted()
T84F8 2208:959.272 - 0.039ms returns TRUE
T84F8 2209:161.717 JLINK_IsHalted()
T84F8 2209:162.218 - 0.523ms returns TRUE
T84F8 2209:361.985 JLINK_IsHalted()
T84F8 2209:362.026 - 0.046ms returns TRUE
T9998 2209:458.699 JLINK_ReadMemHW(0x400E0A08, 0x0004 Bytes, ...)
T9998 2209:458.747   CPU_ReadMem(4 bytes @ 0x400E0A08)
T9998 2209:459.165   Data:  00 00 00 00
T9998 2209:459.174 - 0.478ms returns 0
T9998 2209:459.265 JLINK_ReadMemHW(0x400E0A08, 0x0004 Bytes, ...)
T9998 2209:459.277   CPU_ReadMem(4 bytes @ 0x400E0A08)
T9998 2209:459.902   Data:  00 00 00 00
T9998 2209:459.919 - 0.656ms returns 0
T9998 2209:461.730 JLINK_ReadMemHW(0x400E0A08, 0x0004 Bytes, ...)
T9998 2209:461.758   CPU_ReadMem(4 bytes @ 0x400E0A08)
T9998 2209:462.921   Data:  00 00 00 00
T9998 2209:462.955 - 1.227ms returns 0
T9998 2209:468.927 JLINK_ReadMemHW(0x400E0A08, 0x0004 Bytes, ...)
T9998 2209:468.961   CPU_ReadMem(4 bytes @ 0x400E0A08)
T9998 2209:469.417   Data:  00 00 00 00
T9998 2209:469.463 - 0.539ms returns 0
T9998 2209:490.679 JLINK_ReadMemHW(0x400E0A08, 0x0004 Bytes, ...)
T9998 2209:490.734   CPU_ReadMem(4 bytes @ 0x400E0A08)
T9998 2209:491.192   Data:  00 00 00 00
T9998 2209:491.235 - 0.563ms returns 0
T9998 2209:555.816 JLINK_ReadMemHW(0x400E0A08, 0x0004 Bytes, ...)
T9998 2209:555.877   CPU_ReadMem(4 bytes @ 0x400E0A08)
T9998 2209:556.358   Data:  00 00 00 00
T9998 2209:556.401 - 0.588ms returns 0
T84F8 2209:563.693 JLINK_IsHalted()
T84F8 2209:563.723 - 0.036ms returns TRUE
T84F8 2209:767.638 JLINK_IsHalted()
T84F8 2209:768.032 - 0.405ms returns TRUE
T9998 2209:811.828 JLINK_ReadMemHW(0x400E0A08, 0x0004 Bytes, ...)
T9998 2209:811.883   CPU_ReadMem(4 bytes @ 0x400E0A08)
T9998 2209:812.323   Data:  00 00 00 00
T9998 2209:812.339 - 0.516ms returns 0
T84F8 2209:971.886 JLINK_IsHalted()
T84F8 2209:971.927 - 0.046ms returns TRUE
T84F8 2210:172.825 JLINK_IsHalted()
T84F8 2210:172.885 - 0.067ms returns TRUE
T84F8 2210:372.969 JLINK_IsHalted()
T84F8 2210:373.462 - 0.504ms returns TRUE
T84F8 2210:573.630 JLINK_IsHalted()
T84F8 2210:573.648 - 0.020ms returns TRUE
T84F8 2210:774.348 JLINK_IsHalted()
T84F8 2210:774.374 - 0.029ms returns TRUE
T9998 2210:812.954 JLINK_ReadMemHW(0x400E0A08, 0x0004 Bytes, ...)
T9998 2210:812.994   CPU_ReadMem(4 bytes @ 0x400E0A08)
T9998 2210:813.405   Data:  00 00 00 00
T9998 2210:813.424 - 0.472ms returns 0
T9998 2210:813.533 JLINK_ReadMemHW(0x400E0A08, 0x0004 Bytes, ...)
T9998 2210:813.547   CPU_ReadMem(4 bytes @ 0x400E0A08)
T9998 2210:813.944   Data:  00 00 00 00
T9998 2210:813.969 - 0.439ms returns 0
T9998 2210:817.151 JLINK_ReadMemHW(0x400E0A08, 0x0004 Bytes, ...)
T9998 2210:817.178   CPU_ReadMem(4 bytes @ 0x400E0A08)
T9998 2210:817.559   Data:  00 00 00 00
T9998 2210:817.577 - 0.428ms returns 0
T9998 2210:822.889 JLINK_ReadMemHW(0x400E0A08, 0x0004 Bytes, ...)
T9998 2210:822.940   CPU_ReadMem(4 bytes @ 0x400E0A08)
T9998 2210:823.404   Data:  00 00 00 00
T9998 2210:823.422 - 0.536ms returns 0
T9998 2210:842.673 JLINK_ReadMemHW(0x400E0A08, 0x0004 Bytes, ...)
T9998 2210:842.717   CPU_ReadMem(4 bytes @ 0x400E0A08)
T9998 2210:843.092   Data:  00 00 00 00
T9998 2210:843.106 - 0.435ms returns 0
T9998 2210:908.930 JLINK_ReadMemHW(0x400E0A08, 0x0004 Bytes, ...)
T9998 2210:908.960   CPU_ReadMem(4 bytes @ 0x400E0A08)
T9998 2210:909.342   Data:  00 00 00 00
T9998 2210:909.356 - 0.428ms returns 0
T84F8 2210:977.163 JLINK_IsHalted()
T84F8 2210:977.561 - 0.403ms returns TRUE
T9998 2211:165.827 JLINK_ReadMemHW(0x400E0A08, 0x0004 Bytes, ...)
T9998 2211:165.885   CPU_ReadMem(4 bytes @ 0x400E0A08)
T9998 2211:166.330   Data:  00 00 00 00
T9998 2211:166.372 - 0.551ms returns 0
T84F8 2211:179.809 JLINK_IsHalted()
T84F8 2211:179.847 - 0.043ms returns TRUE
T84F8 2211:382.756 JLINK_IsHalted()
T84F8 2211:382.784 - 0.031ms returns TRUE
T84F8 2211:583.542 JLINK_IsHalted()
T84F8 2211:583.936 - 0.404ms returns TRUE
T84F8 2211:784.150 JLINK_IsHalted()
T84F8 2211:784.192 - 0.050ms returns TRUE
T84F8 2211:984.160 JLINK_IsHalted()
T84F8 2211:984.184 - 0.026ms returns TRUE
T9998 2212:167.373 JLINK_ReadMemHW(0x400E0A08, 0x0004 Bytes, ...)
T9998 2212:167.471   CPU_ReadMem(4 bytes @ 0x400E0A08)
T9998 2212:167.930   Data:  01 00 00 00
T9998 2212:167.947 - 0.576ms returns 0
T84F8 2212:190.342 JLINK_IsHalted()
T84F8 2212:190.807 - 0.483ms returns TRUE
T9998 2212:192.657 JLINK_ResetPullsRESET(ON)
T9998 2212:192.682 - 0.032ms
T9998 2212:192.698 JLINK_ResetNoHalt()
T9998 2212:194.439   Found SW-DP with ID 0x2BA01477
T9998 2212:196.956   DPIDR: 0x2BA01477
T9998 2212:197.001   AP map detection skipped. Manually configured AP map found.
T9998 2212:197.026   AP[0]: AHB-AP (IDR: Not set)
T9998 2212:198.590   AP[0]: Core found
T9998 2212:198.639   AP[0]: AHB-AP ROM base: 0xE00FF000
T9998 2212:199.258   CPUID register: 0x410FC241. Implementer code: 0x41 (ARM)
T9998 2212:199.304   Found Cortex-M4 r0p1, Little endian.
T9998 2212:300.368   -- Max. mem block: 0x00002A10
T9998 2212:300.395   CPU_ReadMem(4 bytes @ 0xE000EDF0)
T9998 2212:300.772   CPU_ReadMem(4 bytes @ 0xE0002000)
T9998 2212:301.309   FPUnit: 6 code (BP) slots and 2 literal slots
T9998 2212:301.347   CPU_ReadMem(4 bytes @ 0xE000EDFC)
T9998 2212:301.763   CPU_ReadMem(4 bytes @ 0xE0001000)
T9998 2212:302.262   CPU_ReadMem(4 bytes @ 0xE000ED88)
T9998 2212:302.626   CPU_WriteMem(4 bytes @ 0xE000ED88)
T9998 2212:302.981   CPU_ReadMem(4 bytes @ 0xE000ED88)
T9998 2212:303.416   CPU_WriteMem(4 bytes @ 0xE000ED88)
T9998 2212:303.850   CoreSight components:
T9998 2212:303.866   ROMTbl[0] @ E00FF000
T9998 2212:303.875   CPU_ReadMem(64 bytes @ 0xE00FF000)
T9998 2212:304.612   CPU_ReadMem(32 bytes @ 0xE000EFE0)
T9998 2212:305.232   ROMTbl[0][0]: E000E000, CID: B105E00D, PID: 000BB000 SCS
T9998 2212:305.256   CPU_WriteMem(4 bytes @ 0xE0001000)
T9998 2212:305.707   CPU_ReadMem(32 bytes @ 0xE0001FE0)
T9998 2212:306.309   ROMTbl[0][1]: E0001000, CID: B105E00D, PID: 003BB002 DWT
T9998 2212:306.319   CPU_ReadMem(32 bytes @ 0xE0002FE0)
T9998 2212:306.926   ROMTbl[0][2]: E0002000, CID: B105E00D, PID: 002BB003 FPB
T9998 2212:306.936   CPU_ReadMem(32 bytes @ 0xE0000FE0)
T9998 2212:307.470   ROMTbl[0][3]: E0000000, CID: B105E00D, PID: 003BB001 ITM
T9998 2212:307.482   CPU_ReadMem(32 bytes @ 0xE0040FE0)
T9998 2212:308.027   ROMTbl[0][4]: E0040000, CID: B105900D, PID: 000BB9A1 TPIU
T9998 2212:308.042   JLINK_Reset()
T9998 2212:308.052     CPU_ReadMem(16 bytes @ 0x20000000)
T9998 2212:308.500     CPU_WriteMem(16 bytes @ 0x20000000)
T9998 2212:308.925     CPU_ReadMem(4 bytes @ 0xE000EDFC)
T9998 2212:309.251     CPU_WriteMem(4 bytes @ 0xE000EDFC)
T9998 2212:309.647     CPU_ReadMem(4 bytes @ 0xE0001000)
T9998 2212:309.993     CPU_WriteMem(4 bytes @ 0xE0001004)
T9998 2212:325.758     CPU_WriteMem(4 bytes @ 0xE000EDFC)
T9998 2212:326.235     CPU_WriteMem(16 bytes @ 0x20000000)
T9998 2212:329.907     CPU_WriteMem(4 bytes @ 0xE0002000)
T9998 2212:330.348     CPU_ReadMem(4 bytes @ 0xE000EDFC)
T9998 2212:330.808     CPU_ReadMem(4 bytes @ 0xE0001000)
T9998 2212:331.165   - 23.128ms
T9998 2212:331.177   JLINK_Go()
T9998 2212:331.191     CPU_ReadMem(4 bytes @ 0xE0001000)
T9998 2212:331.511     CPU_WriteMem(4 bytes @ 0xE0001004)
T9998 2212:332.360   - 1.188ms
T9998 2212:332.368 - 139.672ms
T9998 2212:341.355 JLINK_Close()
T9998 2212:370.260 - 28.921ms
T9998 2212:370.280   
T9998 2212:370.287   Closed
